     1                                  ; lab5.asm
     2                                  SECTION .data 
     3 00000000 D0A9D0B0D0BDD0BAD0-     hello: DB 'Щанкина Екатерина',10 
     3 00000009 B8D0BDD0B020D095D0-
     3 00000012 BAD0B0D182D0B5D180-
     3 0000001B D0B8D0BDD0B00A     
     4                                  
     5                                  helloLen: EQU $-hello 
     6                                  
     7                                  SECTION .text 
     8                                  GLOBAL _start
     9                                  
    10                                  _start: 
    11 00000000 B804000000              mov eax,4 
    12 00000005 BB01000000              mov ebx,1 
    13 0000000A B9[00000000]            mov ecx,hello 
    14 0000000F BA22000000              mov edx,helloLen 
    15 00000014 CD80                    int 80h 
    16                                  
    17 00000016 B801000000              mov eax,1 
    18 0000001B BB00000000              mov ebx,0 
    19 00000020 CD80                    int 80h 
